Running dry_run at 周日 2026/06/28 15:52:55.53 
Using device: cpu
Running dry_run with synthetic trial streams.

Target subject 1
  source epoch 1/3: ce=0.9327
  source epoch 2/3: ce=0.6861
  source epoch 3/3: ce=0.5561
  saved source checkpoint: results\checkpoints\subject01_source_only.pth
  S1 cal epoch 1/2: loss=0.9221, confident_avg=0.0
  S1 cal epoch 2/2: loss=1.6847, confident_avg=1.2
  S1 cal epoch 1/2: loss=1.0379, confident_avg=0.2
  S1 cal epoch 2/2: loss=1.0064, confident_avg=1.2
  S1 cal epoch 1/2: loss=1.0054, confident_avg=2.2
  S1 cal epoch 2/2: loss=0.8584, confident_avg=5.8
  S2 cal epoch 1/2: loss=3.0117
  S2 cal epoch 2/2: loss=2.5031
  S2 cal epoch 1/2: loss=1.7773
  S2 cal epoch 2/2: loss=1.5337
  S2 cal epoch 1/2: loss=1.0088
  S2 cal epoch 2/2: loss=0.7421

Target subject 2
  source epoch 1/3: ce=0.9639
  source epoch 2/3: ce=0.7075
  source epoch 3/3: ce=0.5731
  saved source checkpoint: results\checkpoints\subject02_source_only.pth
  S1 cal epoch 1/2: loss=1.2157, confident_avg=0.2
  S1 cal epoch 2/2: loss=1.3325, confident_avg=1.5
  S1 cal epoch 1/2: loss=1.4827, confident_avg=0.5
  S1 cal epoch 2/2: loss=1.4426, confident_avg=2.0
  S1 cal epoch 1/2: loss=1.4450, confident_avg=2.5
  S1 cal epoch 2/2: loss=1.0769, confident_avg=4.8
  S2 cal epoch 1/2: loss=2.6714
  S2 cal epoch 2/2: loss=2.1967
  S2 cal epoch 1/2: loss=1.6804
  S2 cal epoch 2/2: loss=1.3252
  S2 cal epoch 1/2: loss=1.0688
  S2 cal epoch 2/2: loss=0.7613

Target subject 3
  source epoch 1/3: ce=0.8977
  source epoch 2/3: ce=0.6544
  source epoch 3/3: ce=0.4783
  saved source checkpoint: results\checkpoints\subject03_source_only.pth
  S1 cal epoch 1/2: loss=1.2749, confident_avg=0.8
  S1 cal epoch 2/2: loss=1.0917, confident_avg=1.5
  S1 cal epoch 1/2: loss=2.1145, confident_avg=1.0
  S1 cal epoch 2/2: loss=0.6461, confident_avg=2.8
  S1 cal epoch 1/2: loss=0.9880, confident_avg=5.8
  S1 cal epoch 2/2: loss=0.4950, confident_avg=8.2
  S2 cal epoch 1/2: loss=2.8038
  S2 cal epoch 2/2: loss=2.3679
  S2 cal epoch 1/2: loss=1.7077
  S2 cal epoch 2/2: loss=1.2722
  S2 cal epoch 1/2: loss=0.9701
  S2 cal epoch 2/2: loss=0.7933

Summary written to results\summaries\uda_dda_online_summary.csv
